<?xml version="1.0" encoding="UTF-8"?>
<testsuite xmlns:xsi="http://www.w3.org/2001/XMLSchema-instance" xsi:noNamespaceSchemaLocation="https://maven.apache.org/surefire/maven-surefire-plugin/xsd/surefire-test-report-3.0.xsd" version="3.0" name="com.sidof.repo.HouseRepositoryTest" time="3.142" tests="1" errors="0" skipped="0" failures="0">
  <properties>
[...]
</properties>
  <testcase name="findByHouseType" classname="com.sidof.repo.HouseRepositoryTest" time="1.178">
    <system-out><![CDATA[2024-05-29T22:46:21.685+01:00  INFO 10983 --- [           main] t.c.s.AnnotationConfigContextLoaderUtils : Could not detect default configuration classes for test class [com.sidof.repo.HouseRepositoryTest]: HouseRepositoryTest does not declare any static, non-private, non-final, nested classes annotated with @Configuration.
2024-05-29T22:46:21.753+01:00  INFO 10983 --- [           main] .b.t.c.SpringBootTestContextBootstrapper : Found @SpringBootConfiguration com.sidof.HouseForRentApplication for test class com.sidof.repo.HouseRepositoryTest
  .   ____          _            __ _ _
 /\\ / ___'_ __ _ _(_)_ __  __ _ \ \ \ \
( ( )\___ | '_ | '_| | '_ \/ _` | \ \ \ \
 \\/  ___)| |_)| | | | | || (_| |  ) ) ) )
  '  |____| .__|_| |_|_| |_\__, | / / / /
 =========|_|==============|___/=/_/_/_/

 :: Spring Boot ::                (v3.3.0)

2024-05-29T22:46:21.979+01:00  INFO 10983 --- [           main] com.sidof.repo.HouseRepositoryTest       : Starting HouseRepositoryTest using Java 17.0.10 with PID 10983 (started by sidof in /home/sidof/workspace/api/house-for-rent-backend)
2024-05-29T22:46:21.980+01:00  INFO 10983 --- [           main] com.sidof.repo.HouseRepositoryTest       : The following 1 profile is active: "dev"
2024-05-29T22:46:22.354+01:00  INFO 10983 --- [           main] .s.d.r.c.RepositoryConfigurationDelegate : Bootstrapping Spring Data JPA repositories in DEFAULT mode.
2024-05-29T22:46:22.383+01:00  INFO 10983 --- [           main] .s.d.r.c.RepositoryConfigurationDelegate : Finished Spring Data repository scanning in 27 ms. Found 2 JPA repository interfaces.
2024-05-29T22:46:22.447+01:00  INFO 10983 --- [           main] beddedDataSourceBeanFactoryPostProcessor : Replacing 'dataSource' DataSource bean with embedded version
2024-05-29T22:46:22.519+01:00  INFO 10983 --- [           main] o.s.j.d.e.EmbeddedDatabaseFactory        : Starting embedded database: url='jdbc:h2:mem:9c9ed8fb-6f34-4f5f-8b18-8d24117b24fb;DB_CLOSE_DELAY=-1;DB_CLOSE_ON_EXIT=false', username='sa'
2024-05-29T22:46:22.774+01:00  INFO 10983 --- [           main] o.hibernate.jpa.internal.util.LogHelper  : HHH000204: Processing PersistenceUnitInfo [name: default]
2024-05-29T22:46:22.778+01:00  INFO 10983 --- [           main] o.h.c.internal.RegionFactoryInitiator    : HHH000026: Second-level cache disabled
2024-05-29T22:46:22.800+01:00  INFO 10983 --- [           main] o.s.o.j.p.SpringPersistenceUnitInfo      : No LoadTimeWeaver setup: ignoring JPA class transformer
2024-05-29T22:46:22.817+01:00  WARN 10983 --- [           main] org.hibernate.dialect.Dialect            : HHH000511: The 2.2.224 version for [org.hibernate.dialect.PostgreSQLDialect] is no longer supported, hence certain features may not work properly. The minimum supported version is 12.0.0. Check the community dialects project for available legacy versions.
2024-05-29T22:46:22.819+01:00  WARN 10983 --- [           main] org.hibernate.orm.deprecation            : HHH90000025: PostgreSQLDialect does not need to be specified explicitly using 'hibernate.dialect' (remove the property setting and it will be selected by default)
2024-05-29T22:46:22.965+01:00  INFO 10983 --- [           main] o.h.e.t.j.p.i.JtaPlatformInitiator       : HHH000489: No JTA platform available (set 'hibernate.transaction.jta.platform' to enable JTA platform integration)
Hibernate: 
    drop table if exists house cascade
Hibernate: 
    drop sequence if exists house_sequence
Hibernate: 
    create sequence house_sequence start with 1 increment by 1
Hibernate: 
    create table house (
        num_bathrooms integer not null,
        num_bedrooms integer not null,
        rent_price float(53) not null,
        id bigint not null,
        address varchar(255),
        city varchar(255),
        house_type varchar(255) check (house_type in ('ROOM','STUDIO','APARTMENT')),
        image_url varchar(255) array,
        primary key (id)
    )
2024-05-29T22:46:23.026+01:00  INFO 10983 --- [           main] j.LocalContainerEntityManagerFactoryBean : Initialized JPA EntityManagerFactory for persistence unit 'default'
2024-05-29T22:46:23.621+01:00  INFO 10983 --- [           main] com.sidof.repo.HouseRepositoryTest       : Started HouseRepositoryTest in 1.85 seconds (process running for 13.699)
Hibernate: 
    select
        h1_0.id,
        h1_0.address,
        h1_0.city,
        h1_0.house_type,
        h1_0.image_url,
        h1_0.num_bathrooms,
        h1_0.num_bedrooms,
        h1_0.rent_price 
    from
        house h1_0 
    where
        h1_0.id=?
Hibernate: 
    select
        nextval('house_sequence')
Hibernate: 
    select
        h1_0.id,
        h1_0.address,
        h1_0.city,
        h1_0.house_type,
        h1_0.image_url,
        h1_0.num_bathrooms,
        h1_0.num_bedrooms,
        h1_0.rent_price 
    from
        house h1_0 
    where
        h1_0.id=?
Hibernate: 
    select
        nextval('house_sequence')
Hibernate: 
    select
        h1_0.id,
        h1_0.address,
        h1_0.city,
        h1_0.house_type,
        h1_0.image_url,
        h1_0.num_bathrooms,
        h1_0.num_bedrooms,
        h1_0.rent_price 
    from
        house h1_0 
    where
        h1_0.id=?
Hibernate: 
    select
        nextval('house_sequence')
Hibernate: 
    insert 
    into
        house
        (address, city, house_type, image_url, num_bathrooms, num_bedrooms, rent_price, id) 
    values
        (?, ?, ?, ?, ?, ?, ?, ?)
Hibernate: 
    insert 
    into
        house
        (address, city, house_type, image_url, num_bathrooms, num_bedrooms, rent_price, id) 
    values
        (?, ?, ?, ?, ?, ?, ?, ?)
Hibernate: 
    insert 
    into
        house
        (address, city, house_type, image_url, num_bathrooms, num_bedrooms, rent_price, id) 
    values
        (?, ?, ?, ?, ?, ?, ?, ?)
Hibernate: 
    select
        h1_0.id,
        h1_0.address,
        h1_0.city,
        h1_0.house_type,
        h1_0.image_url,
        h1_0.num_bathrooms,
        h1_0.num_bedrooms,
        h1_0.rent_price 
    from
        house h1_0 
    where
        h1_0.house_type=? 
    offset
        ? rows 
    fetch
        first ? rows only
2024-05-29T22:46:24.762+01:00  INFO 10983 --- [           main] com.sidof.repo.HouseRepositoryTest       : Test fecthing houses [House(id=2, houseType=APARTMENT, address=Trois lamapadaire, city=yaounde simbock, numBedrooms=3, numBathrooms=2, rentPrice=80000.0, imageUrl=null), House(id=3, houseType=APARTMENT, address=Trois lamapadaire, city=yaounde simbock, numBedrooms=4, numBathrooms=2, rentPrice=80000.0, imageUrl=null)]
Hibernate: 
    select
        h1_0.id,
        h1_0.address,
        h1_0.city,
        h1_0.house_type,
        h1_0.image_url,
        h1_0.num_bathrooms,
        h1_0.num_bedrooms,
        h1_0.rent_price 
    from
        house h1_0
]]></system-out>
  </testcase>
</testsuite>