<?xml version="1.0" encoding="UTF-8"?>
<testsuite xmlns:xsi="http://www.w3.org/2001/XMLSchema-instance" xsi:noNamespaceSchemaLocation="https://maven.apache.org/surefire/maven-surefire-plugin/xsd/surefire-test-report-3.0.xsd" version="3.0" name="com.sidof.service.implementation.HouseServiceImplementationTest" time="0.747" tests="5" errors="0" skipped="0" failures="0">
  <properties>
[...]
</properties>
  <testcase name="deleteHouse" classname="com.sidof.service.implementation.HouseServiceImplementationTest" time="0.652">
    <system-out><![CDATA[2024-05-29T22:46:25.434+01:00  INFO 10983 --- [           main] c.s.s.i.HouseServiceImplementation       : Saving new House: ROOM
2024-05-29T22:46:25.464+01:00  INFO 10983 --- [           main] c.s.s.i.HouseServiceImplementation       : Deleting House by ID: 1
]]></system-out>
  </testcase>
  <testcase name="updateHouse" classname="com.sidof.service.implementation.HouseServiceImplementationTest" time="0.024">
    <system-out><![CDATA[2024-05-29T22:46:25.503+01:00  INFO 10983 --- [           main] c.s.s.i.HouseServiceImplementation       : Saving new House: APARTMENT
2024-05-29T22:46:25.513+01:00  INFO 10983 --- [           main] c.s.s.i.HouseServiceImplementation       : Updating House: APARTMENT
House(id=2, houseType=APARTMENT, address=Grande chefferie, city=yaounde simbock, numBedrooms=3, numBathrooms=2, rentPrice=80000.0, imageUrl=null)
]]></system-out>
  </testcase>
  <testcase name="CanGetHouseById" classname="com.sidof.service.implementation.HouseServiceImplementationTest" time="0.012">
    <system-out><![CDATA[2024-05-29T22:46:25.531+01:00  INFO 10983 --- [           main] c.s.s.i.HouseServiceImplementation       : Saving new House: ROOM
2024-05-29T22:46:25.533+01:00  INFO 10983 --- [           main] c.s.s.i.HouseServiceImplementation       : Fetching house by id: 1
]]></system-out>
  </testcase>
  <testcase name="getHouseByHouseType" classname="com.sidof.service.implementation.HouseServiceImplementationTest" time="0.016">
    <system-out><![CDATA[2024-05-29T22:46:25.545+01:00  INFO 10983 --- [           main] c.s.s.i.HouseServiceImplementation       : Saving new House: ROOM
2024-05-29T22:46:25.546+01:00  INFO 10983 --- [           main] c.s.s.i.HouseServiceImplementation       : Saving new House: APARTMENT
2024-05-29T22:46:25.547+01:00  INFO 10983 --- [           main] c.s.s.i.HouseServiceImplementation       : Saving new House: APARTMENT
2024-05-29T22:46:25.550+01:00  INFO 10983 --- [           main] c.s.s.i.HouseServiceImplementation       : Fetching houses
[House(id=2, houseType=APARTMENT, address=Trois lamapadaire, city=yaounde simbock, numBedrooms=3, numBathrooms=2, rentPrice=80000.0, imageUrl=null), House(id=3, houseType=APARTMENT, address=Trois lamapadaire, city=yaounde simbock, numBedrooms=4, numBathrooms=2, rentPrice=80000.0, imageUrl=null)]
]]></system-out>
  </testcase>
  <testcase name="saveNewHouse" classname="com.sidof.service.implementation.HouseServiceImplementationTest" time="0.012">
    <system-out><![CDATA[2024-05-29T22:46:25.568+01:00  INFO 10983 --- [           main] c.s.s.i.HouseServiceImplementation       : Saving new House: ROOM
]]></system-out>
  </testcase>
</testsuite>